         w __deregister_frame_info
         w __register_frame_info
         w userAppExit
         w userAppInit
00000000 00000802 B __ctru_dev_utf16_buf
00000000 A __sync_synchronize
00000000 b _TLS_MODULE_BASE_
00000000 a shift
00000000 a shift
00000804 00000401 B __ctru_dev_path_buf
00100000 A __start__
00100000 T _start
00100008 T __service_ptr
0010000c T __apt_appid
00100010 T __heap_size
00100014 T __linear_heap_size
00100018 T __system_arglist
0010001c T __system_runflags
00100020 t startup
00100058 t ClearMem
0010006c t ClrLoop
00100094 T _init
001000ac T __aeabi_idiv
001000ac 00000220 T __divsi3
001000b4 t .divsi3_skip_div0_test
001002cc 00000020 T __aeabi_idivmod
001002ec 00000004 W __aeabi_idiv0
001002ec 00000004 W __aeabi_ldiv0
001002f0 T __aeabi_uldivmod
00100348 00000390 T strcmp
001006d0 t .udivsi3_skip_div0_test
001006d0 T __aeabi_uidiv
001006d0 000001ec T __udivsi3
001008bc 00000020 T __aeabi_uidivmod
001008dc t __do_global_dtors_aux
0010092c t frame_dummy
00100958 000000ec t draw_menu.constprop.0
00100a44 000001c8 T main
00100c0c 00000004 t cmp_str_256
00100c10 00000124 T sd_list_swfs
00100d34 000002b8 T swf_show_header
00100fec 00000080 t br_read_sbits
0010106c 000002f4 T swf_read_header
00101360 000002c4 t swf_load_uncompressed
00101624 00000320 t scan_stream.isra.0
00101944 00000150 T swf_scan_tags
00101a94 000001c8 T consoleDrawChar
00101c5c 00000170 T consolePrintChar
00101dcc 00000c40 T con_write
00102a0c 00000110 t newRow
00102b1c 00000180 T consoleInit
00102c9c 000000b8 T consoleClear
00102d54 000000cc t gfxPresentFramebuffer
00102e20 0000001c T gfxIsWide
00102e3c 000000f8 T gfxSetScreenFormat
00102f34 00000010 T gfxSetDoubleBuffering
00102f44 000000d8 T gfxInit
0010301c 00000010 T gfxInitDefault
0010302c 000000b8 T gfxExit
001030e4 000000a0 T gfxGetFramebuffer
00103184 00000100 T gfxFlushBuffers
00103284 00000050 T gfxSwapBuffers
001032d4 00000050 T gfxSwapBuffersGpu
00103324 00000180 t aptConvertScreenForCapture
001034a4 00000008 W aptDspSleep
001034ac 00000004 W aptDspWakeup
001034b0 00000004 W aptDspCancel
001034b4 00000138 T aptSendCommand
001035f0 00000044 t aptExitProcess
00103634 00000394 T aptExit
001039c8 000000d8 T aptHandleSleep
00103aa0 00000084 T APT_SleepIfShellClosed
00103b24 00000078 T aptSetSleepAllowed
00103b9c 00000084 T APT_UnlockTransition
00103c20 00000470 t aptEventHandler
00104090 000000bc T APT_ReceiveParameter
0010414c 000000b0 t aptReceiveParameter.constprop.0
00104200 00000294 t aptScreenTransfer
00104494 000002d0 t aptWaitForWakeUp.isra.0
00104764 000000f4 T aptJumpToHomeMenu
00104858 00000058 T aptMainLoop
001048b0 00000240 T aptInit
00104af0 00000090 T APT_CheckNew3DS
00104b80 00000c70 t gspHardwareInit
001057f0 00000280 T gspInit
00105a70 00000110 T gspExit
00105b80 00000010 T gspHasGpuRight
00105b90 000000a4 T gspPresentBuffer
00105c34 00000050 T gspWaitForEvent
00105c84 00000004 W gxCmdQueueInterrupt
00105c88 00000154 t gspEventThreadMain
00105ddc 00000050 T GSPGPU_FlushDataCache
00105e2c 00000034 T GSPGPU_SetLcdForceBlack
00105e60 00000080 T GSPGPU_AcquireRight
00105ee0 0000005c T GSPGPU_ReleaseRight
00105f3c 0000007c T GSPGPU_ImportDisplayCaptureInfo
00105fb8 0000002c T GSPGPU_SaveVramSysArea
00105fe4 0000002c T GSPGPU_RestoreVramSysArea
00106010 00000024 W hidShouldUseIrrst
00106034 000001cc T hidInit
00106200 000000e8 T hidExit
001062e8 000002a0 T hidScanInput
00106588 00000010 T hidKeysDown
00106598 000001a4 T irrstInit
0010673c 000000dc T irrstExit
00106818 000000b4 T irrstScanInput
001068cc 00000024 T irrstKeysHeld
001068f0 00000038 W __libctru_init
00106928 0000016c W __system_initArgv
00106a94 00000030 T __syscall_getreent
00106ac4 00000004 T __syscall_lock_acquire
00106ac8 00000004 T __syscall_lock_release
00106acc 00000004 T __syscall_lock_acquire_recursive
00106ad0 00000004 T __syscall_lock_release_recursive
00106ad4 00000004 T __syscall_exit
00106ad8 00000054 T initThreadVars
00106b2c 00000080 T __system_initSyscalls
00106bac T svcControlMemory
00106bcc T svcQueryMemory
00106bfc T svcExitProcess
00106c04 T svcCreateThread
00106c24 T svcExitThread
00106c2c T svcSleepThread
00106c34 T svcReleaseMutex
00106c3c T svcCreateEvent
00106c50 T svcSignalEvent
00106c58 T svcClearEvent
00106c60 T svcMapMemoryBlock
00106c68 T svcUnmapMemoryBlock
00106c70 T svcCreateAddressArbiter
00106c84 T svcArbitrateAddressNoTimeout
00106c8c T svcCloseHandle
00106c94 T svcWaitSynchronization
00106c9c T svcWaitSynchronizationN
00106cc4 T svcDuplicateHandle
00106cd8 T svcConnectToPort
00106cec T svcSendSyncRequest
00106cf4 T svcGetResourceLimit
00106d08 T svcGetResourceLimitLimitValues
00106d10 T svcGetResourceLimitCurrentValues
00106d18 T svcBreak
00106d20 W initSystem
00106d70 W __ctru_exit
00106d84 00000024 t addrMapNodeComparator(rbtree_node const*, rbtree_node const*)
00106da8 00000004 t addrMapNodeDestructor(rbtree_node*)
00106dac 0000012c T linearMemAlign
00106ed8 00000008 T linearAlloc
00106ee0 0000005c T linearFree
00106f3c 00000088 T MemPool::CoalesceRight(MemBlock*)
00106fc4 00000178 T MemPool::Allocate(MemChunk&, unsigned long, int)
0010713c 00000118 T MemPool::Deallocate(MemChunk const&)
00107254 00000030 T MemPool::GetFreeSpace()
00107284 00000024 t addrMapNodeComparator(rbtree_node const*, rbtree_node const*)
001072a8 00000004 t addrMapNodeDestructor(rbtree_node*)
001072ac 00000248 T vramMemAlignAt
001074f4 0000000c T vramAlloc
00107500 00000094 T vramFree
00107594 0000008c W envGetHandle
00107620 00000050 W envDestroyHandles
00107670 00000034 T __ctru_speedup_config
001076a4 00000164 T srvInit
00107808 00000064 T srvExit
0010786c 00000060 T srvEnableNotification
001078cc 000000a0 T srvGetServiceHandleDirect
0010796c 00000048 T srvGetServiceHandle
001079b4 00000034 T srvSubscribe
001079e8 00000060 T srvReceiveNotification
00107a48 00000038 T srvPublishToSubscriber
00107a80 0000000c T __sync_init
00107a8c 00000018 T __sync_fini
00107aa4 00000028 T syncArbitrateAddress
00107acc 000000ac T LightLock_Lock
00107b78 00000040 T LightLock_Unlock
00107bb8 00000054 T RecursiveLock_Lock
00107c0c 00000054 T RecursiveLock_Unlock
00107c60 00000044 T LightEvent_Init
00107ca4 000000b8 T LightEvent_Clear
00107d5c 000000dc T LightEvent_Signal
00107e38 00000050 T LightEvent_TryWait
00107e88 000000ac T LightEvent_Wait
00107f34 000001fc T threadCreate
00108130 00000038 T threadFree
00108168 00000024 T threadJoin
0010818c 00000030 T threadGetCurrent
001081bc 00000040 T threadExit
001081fc 00000020 t _thread_begin
0010821c 00000090 t mappableFindAddressWithin
001082ac 00000028 T mappableInit
001082d4 0000007c T mappableAlloc
00108350 00000004 T mappableFree
00108354 00000078 T ptmSysmInit
001083cc 0000003c T ptmSysmExit
00108408 00000034 T PTMSYSM_ConfigureNew3DSCPU
0010843c 0000000c T srvPmGetSessionHandle
00108448 00000074 T rbtree_find
001084bc 00000010 T rbtree_init
001084cc 00000198 t do_insert
00108664 00000008 T rbtree_insert
0010866c 00000310 T rbtree_remove
0010897c 00000090 T rbtree_rotate
00108a10 000001e8 W __system_allocateHeaps
00108bf8 00000030 W __appExit
00108c28 00000030 W __appInit
00108c58 00000090 W __libctru_exit
00108ce8 00000014 t archive_link
00108cfc 00000014 t archive_dirreset
00108d10 00000014 t archive_chmod
00108d24 00000024 t error_cmp
00108d48 00000050 t archive_translate_error
00108d98 000000c0 t archive_seek
00108e58 00000078 t _archiveInit.part.0
00108ed0 000000d4 t archiveFindDevice.part.0
00108fa4 00000298 t archive_utf16path
0010923c 00000098 t _archiveUnmountDeviceStruct.part.0
001092d4 00000014 t archive_statvfs
001092e8 00000014 t archive_fchmod
001092fc 00000178 t _archiveMountDevice
00109474 000000f8 t archive_diropen
0010956c 000000ac t archive_fstat
00109618 00000074 t archive_fsync
0010968c 00000074 t archive_close
00109700 00000078 t archive_dirclose
00109778 000000ec t sdmc_statvfs
00109864 000000f8 t archive_chdir
0010995c 0000008c t archive_ftruncate
001099e8 000000bc t archive_read
00109aa4 000000a8 t archive_unlink
00109b4c 000000c0 t archive_rmdir
00109c0c 000000d8 t archive_mkdir
00109ce4 000001a0 t archive_stat
00109e84 00000164 t archive_dirnext
00109fe8 0000013c t archive_write
0010a128 00000254 t archive_open
0010a37c 00000270 t archive_rename
0010a5ec 000001c8 T archiveMountSdmc
0010a7b4 00000054 T archiveUnmountAll
0010a808 00000104 T fsInit
0010a90c 0000003c T fsExit
0010a948 00000068 T fsExemptFromSession
0010a9b0 00000050 T fsUnexemptFromSession
0010aa00 000000cc T FSUSER_OpenFile
0010aacc 000000b8 T FSUSER_DeleteFile
0010ab84 000000f4 T FSUSER_RenameFile
0010ac78 000000b8 T FSUSER_DeleteDirectory
0010ad30 000000d0 T FSUSER_CreateFile
0010ae00 000000c0 T FSUSER_CreateDirectory
0010aec0 000000f4 T FSUSER_RenameDirectory
0010afb4 000000b4 T FSUSER_OpenDirectory
0010b068 00000090 T FSUSER_OpenArchive
0010b0f8 0000008c T FSUSER_CloseArchive
0010b184 00000074 T FSUSER_GetSdmcArchiveResource
0010b1f8 00000064 T FSUSER_IsSdmcWritable
0010b25c 00000064 T FSFILE_Read
0010b2c0 0000006c T FSFILE_Write
0010b32c 00000044 T FSFILE_GetSize
0010b370 00000028 T FSFILE_SetSize
0010b398 0000003c T FSFILE_Close
0010b3d4 00000024 T FSFILE_Flush
0010b3f8 00000060 T FSDIR_Read
0010b458 0000003c T FSDIR_Close
0010b494 00000060 T rbtree_node_next
0010b4f4 00000140 T decode_utf8
0010b634 000000e8 T utf16_to_utf8
0010b71c 000000c0 T utf8_to_utf16
0010b7dc T __aeabi_read_tp
0010b7e8 00000054 T decode_utf16
0010b83c 00000054 T encode_utf16
0010b890 000000e0 T encode_utf8
0010b970 0000011c t updatewindow
0010ba8c 0000005c t inflateStateCheck
0010bae8 0000009c T inflateResetKeep
0010bb84 000000bc T inflateReset2
0010bc40 000000ec T inflateInit2_
0010bd2c 00000014 T inflateInit_
0010bd40 000018ec T inflate
0010d62c 0000005c T inflateEnd
0010d688 00000554 T inflate_table
0010dbdc 00000008 T zcalloc
0010dbe4 00000008 T zcfree
0010dbec 00000364 T adler32_z
0010df50 00000004 T adler32
0010df54 000003ac T crc32_z
0010e300 00000004 T crc32
0010e304 000005d8 T inflate_fast
0010e8dc 00000130 T __udivmoddi4
0010ea0c 000000d8 T strncmp
0010eae4 00000144 T _fclose_r
0010ec28 00000020 T fclose
0010ec48 0000008c T strlen
0010ecd4 0000001c t stdio_exit_handler
0010ecf0 0000005c t cleanup_stdio
0010ed4c 00000154 t global_stdio_init.part.0
0010eea0 00000138 T __sfp
0010efd8 0000005c T __sinit
0010f034 0000000c T __sfp_lock_acquire
0010f040 0000000c T __sfp_lock_release
0010f04c 000001ec t _strtoul_l.isra.0
0010f238 0000003c T strtoul
0010f274 00000084 T __libc_init_array
0010f2f8 0000009c T strncat
0010f394 00000070 T _fwalk_sglue
0010f404 00000078 T bsearch
0010f47c 0000000c T __errno
0010f488 000008e8 T qsort
0010fd70 000000e0 T _puts_r
0010fe50 00000020 T puts
0010fe70 00000028 T memalign
0010fe98 00000024 T putchar
0010febc 0000082c T _malloc_r
001106e8 00000068 T strcasecmp
00110750 000000f0 T strcpy
00110840 00000114 T _malloc_trim_r
00110954 00000314 T _free_r
00110c68 000000a0 T snprintf
00110d08 000005e0 t get_arg
001112e8 0000345c T _svfprintf_r
00114744 00000034 T printf
00114778 0000003c T strnlen
001147b4 00000040 T malloc
001147f4 00000020 T free
00114814 0000022c T __sflush_r
00114a40 000000c4 T _fflush_r
00114b04 000000e4 T memset
00114be8 00000334 T _fread_r
00114f1c 00000038 T fread
00114f54 0000000c T __malloc_lock
00114f60 0000000c T __malloc_unlock
00114f6c 00000004 W __call_exitprocs
00114f70 00000030 T exit
00114fa0 00000294 T setvbuf
00115234 00000134 T _fopen_r
00115368 00000028 T fopen
00115390 000000d4 T strncpy
00115464 0000012c T memcpy
00115590 00000028 T _wcsrtombs_r
001155b8 00000088 T frexp
00115640 000004a4 T __sfvwrite_r
00115ae4 00000044 T __sread
00115b28 00000068 T __swrite
00115b90 00000040 T __sseek
00115bd0 00000008 T __sclose
00115bd8 0000016c T memmove
00115d44 00000024 T __locale_mb_cur_max
00115d68 000000a4 T __ssprint_r
00115e0c 0000016c T _memalign_r
00115f78 0000015c T _wcsnrtombs_l
001160d4 00000064 T _wcsnrtombs_r
00116138 000000fc T _putc_r
00116234 00000340 T __utf8_mbtowc
00116574 00000024 T _localeconv_r
00116598 000005e0 t get_arg
00116b78 00003554 T _vfprintf_r
0011a0cc 000000b4 t __sbprintf
0011a180 0000001c T _fseek_r
0011a19c 000000e8 T memchr
0011a284 000001c0 t quorem
0011a448 000013f0 T _dtoa_r
0011b838 000000a0 T _wcrtomb_r
0011b8d8 000000b8 T __sflags
0011b990 0000003c T __libc_fini_array
0011b9cc 00000038 t lflush
0011ba04 000001a8 T __srefill_r
0011bbac 00000164 T __smakebuf_r
0011bd10 00000090 T __swhatbuf_r
0011bda0 000004f0 T _realloc_r
0011c290 0000012c T __ssputs_r
0011c3bc 000000f8 T __utf8_wctomb
0011c4b4 00000140 T __swsetup_r
0011c5f4 00000140 T strchr
0011c734 0000005c T __assert_func
0011c790 00000088 T _Balloc
0011c818 0000001c T _Bfree
0011c834 000000f4 T __multadd
0011c928 00000080 T __hi0bits
0011c9a8 000000f0 T __lo0bits
0011ca98 000000a4 T __i2b
0011cb3c 00000230 T __multiply
0011cd6c 00000130 T __pow5mult
0011ce9c 00000138 T __lshift
0011cfd4 00000058 T __mcmp
0011d02c 00000218 T __mdiff
0011d244 00000120 T __d2b
0011d364 0000003c T fiprintf
0011d3a0 00000124 T __swbuf_r
0011d4c4 00000588 T _fseeko_r
0011da4c 00000030 T __sprint_r
0011da7c 00000014 T abort
0011da90 000000d8 T _calloc_r
0011db68 0000009c T _raise_r
0011dc04 00000020 T raise
0011dc24 000005e0 t get_arg
0011e204 000022f8 T _vfiprintf_r
001204fc 000000b4 t __sbprintf
001205b0 00000020 T _exit
001205d0 00000140 T chdir
00120710 000001c8 T _concatenate_path
001208d8 00000070 t __dirnext
00120948 00000114 T opendir
00120a5c 00000098 T closedir
00120af4 000000f8 T readdir_r
00120bec 00000048 T readdir
00120c34 0000009c T _fstat_r
00120cd0 00000014 T _getpid_r
00120ce4 0000002c T __getreent
00120d10 000000a0 T __release_handle
00120db0 000000b0 T __alloc_handle
00120e60 00000058 T __get_handle
00120eb8 00000110 T _close_r
00120fc8 00000008 t null_write
00120fd0 00000018 T setDefaultDevice
00120fe8 000000c4 T FindDevice
001210ac 00000028 T RemoveDevice
001210d4 00000098 T AddDevice
0012116c 00000020 T GetDeviceOpTab
0012118c 00000008 T _isatty_r
00121194 00000014 T _kill_r
001211a8 00000094 T _lseek_r
0012123c 000000c0 T _open_r
001212fc 00000094 T _read_r
00121390 00000078 W _sbrk_r
00121408 0000001c T __libc_lock_acquire
00121424 0000001c T __libc_lock_release
00121440 0000001c T __libc_lock_acquire_recursive
0012145c 0000001c T __libc_lock_release_recursive
00121478 00000094 T _write_r
0012150c 00000048 T strrchr
00121554 T _fini
00122000 00000150 r CSWTCH.16
001229f4 r .LC2
00122c40 00000080 r dotab_stdout
00122cc0 00000018 r grayScale
00122cd8 00000006 r colorCube
00122ce0 00000030 r colorTable
00122d2c 00000008 r morton_y.2
00122d34 00000008 r morton_x.3
00122d3c 00000008 r s_sleepWakeEvents.4
00122d44 0000000c r serviceNameTable.5
00122d50 R default_font_bin
00123550 R default_font_bin_end
00123550 00000030 r error_table
00123580 00000080 r archive_devoptab
00123600 00000080 r distfix.0
00123680 00000800 r lenfix.1
00123e80 00000026 r order.2
00123ea8 00000040 r dext.0
00123ee8 00000040 r dbase.1
00123f28 0000003e r lext.2
00123f68 0000003e r lbase.3
00123fa8 00001000 r crc_braid_table
00124fa8 00000400 r crc_table
001254d0 00000010 r zeroes.0
001254e0 00000010 r blanks.1
001254f0 00000101 R _ctype_
001255f4 0000006c R __action_table
00125660 0000006c R __state_table
001256cc 00000100 R __chclass
001258b8 00000010 r zeroes.0
001258c8 00000010 r blanks.1
001258e0 0000000c r p05.0
001258f0 00000028 R __mprec_bigtens
00125918 000000c8 R __mprec_tens
00125acc 00000010 r zeroes.0
00125adc 00000010 r blanks.1
00125aec 00000080 R dotab_stdnull
00125b6c R __tdata_align
00125b70 r __EH_FRAME_BEGIN__
00125b70 R __exidx_end
00125b70 R __exidx_start
00126000 00000004 D __stacksize__
00126004 00000001 d firstConsoleInit.0
00126008 00000004 D currentConsole
0012600c 00000048 D defaultConsole
00126054 00000004 d aptChainloadDeliverArgSize
00126058 00000004 d kCount
0012605c 00000004 d kInterval
00126060 00000004 d kDelay
00126064 0000000c D __sglue
00126070 00000004 D __malloc_sbrk_base
00126074 00000004 D __malloc_trim_threshold
00126078 00000408 D __malloc_av_
00126480 00000004 D _impure_ptr
00126488 00000140 D _impure_data
001265c8 0000016c D __global_locale
00126734 00000400 d _current_working_directory
00126b38 00001000 d handles
00127b38 0000000c d __stderr_handle
00127b44 0000000c d __stdout_handle
00127b50 0000000c d __stdin_handle
00127b5c 0000008c D devoptab_list
00127be8 00000004 d defaultDevice
00127bf4 d _GLOBAL_OFFSET_TABLE_
00127c00 d __frame_dummy_init_array_entry
00127c00 D __init_array_start
00127c00 B __preinit_array_end
00127c00 B __preinit_array_start
00127c00 D __tdata_lma
00127c00 D __tdata_lma_end
00127c04 d __do_global_dtors_aux_fini_array_entry
00127c04 D __fini_array_start
00127c04 D __init_array_end
00127c08 D __bss_start__
00127c08 D __fini_array_end
00127c08 00010000 b names.0
00137c08 b completed.1
00137c0c b object.0
00137c24 00000064 b escapeSeq
00137c88 00000048 B currentCopy
00137cd0 00000004 b screenAlloc
00137cd4 00000004 b screenFree
00137cd8 00000002 b gfxIsDoubleBuf
00137cdc 00000002 b gfxCurBuf
00137cde 00000001 b gfxIsVram
00137cdf 00000001 b gfxTopMode
00137ce0 00000002 b gfxFramebufferFormats
00137ce4 00000004 b gfxBottomFramebufferMaxSize
00137ce8 00000004 b gfxTopFramebufferMaxSize
00137cf0 00000008 b gfxBottomFramebuffers
00137cf8 00000008 b gfxTopFramebuffers
00137d00 00000001 b flagValue.0
00137d01 00000001 b flagInit.1
00137d04 00000004 b serviceName.6
00137d08 00000001 b aptChainloadFlags
00137d09 00000001 b aptChainloadMediatype
00137d0c 00000020 b aptChainloadHmac
00137d2c 00000300 b aptChainloadDeliverArg
00138030 00000008 b aptChainloadTid
00138038 00001000 b aptParameters
00139038 00000004 b aptFlags
0013903c 00000001 b aptHomeButtonState
00139040 00000004 b aptMessageFuncData
00139044 00000004 b aptMessageFunc
00139048 0000000c b aptFirstHook
00139054 00000001 b aptEventHandlerThreadQuit
00139058 00000004 b aptEventHandlerThread
0013905c 00000008 b aptSleepEvent
00139064 00000008 b aptReceiveEvent
0013906c 00000008 b aptEvents
00139074 00000004 b aptLockHandle
00139078 00000004 b aptRefCount
0013907c 00000007 b gspEventCbOneShot
00139084 0000001c b gspEventCbData
001390a0 0000001c b gspEventCb
001390bc 00000038 b gspEvents
001390f4 00000004 b gspLastEvent
001390f8 00000001 b gspRunEvents
001390fc 00000004 b gspEventThread
00139100 00000004 b gspEvent
00139104 00000001 b gspGpuRight
00139105 00000001 b gspThreadId
00139108 00000004 b gspSharedMem
0013910c 00000004 b gspSharedMemHandle
00139110 00000004 b gspRefCount
00139114 00000004 b gspGpuHandle
00139118 00000001 b usingIrrst
0013911c 00000004 b hidRefCount
00139120 00000006 b gRate
00139128 00000006 b aVec
00139130 00000004 b cPos
00139134 00000004 b tPos
00139138 00000004 b kRepeat
0013913c 00000004 b kUp
00139140 00000004 b kDown
00139144 00000004 b kHeld
00139148 00000004 b kOld
0013914c 00000004 B hidSharedMem
00139150 00000014 B hidEvents
00139164 00000004 B hidMemHandle
00139168 00000004 B hidHandle
0013916c 00000004 b irrstRefCount
00139170 00000004 b csPos
00139174 00000004 b kHeld
00139178 00000004 B irrstSharedMem
0013917c 00000004 B irrstEvent
00139180 00000004 B irrstMemHandle
00139184 00000004 B irrstHandle
00139188 00000004 B __system_retAddr
0013918c 00000004 B __system_argv
00139190 00000004 B __system_argc
00139194 b saved_stack
001391a0 00000008 b sLinearPool
001391a8 0000000c b sAddrMap
001391b8 00000008 b sVramPoolB
001391c0 00000008 b sVramPoolA
001391c8 0000000c b sAddrMap
001391d4 00000004 B __3dslink_host
001391d8 00000001 V __ctru_speedup
001391dc 00000004 b srvRefCount
001391e0 00000004 b srvHandle
001391e4 00000004 b arbiter
001391e8 00000004 b currentAddr
001391ec 00000004 b maxAddr
001391f0 00000004 b minAddr
001391f4 00000004 b ptmSysmRefCount
001391f8 00000004 b ptmSysmHandle
001391fc 00000004 b srvPmHandle
00139200 00000004 V __ctru_linear_heap_size
00139204 00000004 V __ctru_heap_size
00139208 00000004 B __ctru_linear_heap
0013920c 00000004 B __ctru_heap
00139210 000005c0 b archive_devices
001397d0 00000004 b archive_device_cwd
001397d4 00000001 b archive_initialized
001397d8 00000080 b fsExemptArchives
00139858 00000004 b fsuRefCount
0013985c 00000004 b fsuHandle
00139860 0000000c b __sfp_recursive_mutex
00139870 00000168 B __sf
001399d8 00000004 B __stdio_exit_handler
001399dc 00000028 B __malloc_current_mallinfo
00139a04 00000004 B __malloc_max_total_mem
00139a08 00000004 B __malloc_max_sbrked_mem
00139a0c 00000004 B __malloc_top_pad
00139a10 0000000c b __malloc_recursive_mutex
00139a1c 00000400 b temp_cwd
00139e1c 00000004 b __hndl_lock
00139e20 00000004 B fake_heap_start
00139e24 00000004 B fake_heap_end
00139e28 00000004 b heap_start.0
00139e2c B __tls_start
0013aa34 B __bss_end__
0013aa34 A __end__
0013aa34 B __tls_end
